<?xml version="1.0" encoding="UTF-8"?>
<!-- Generated by org.testng.reporters.JUnitReportReporter -->
<testsuite skipped="0" hostname="VASU10" name="tests.SanityTest" tests="2" failures="0" timestamp="20 May 2021 14:03:47 GMT" time="25.690" errors="0">
  <testcase name="launchCheck" time="10.791" classname="tests.SanityTest"/>
  <testcase name="getCurrentWorldPopulation" time="14.899" classname="tests.SanityTest"/>
</testsuite> <!-- tests.SanityTest -->
